<?xml version="1.0" encoding="UTF-8"?>
<!-- Generated by org.testng.reporters.JUnitXMLReporter -->
<testsuite hostname="Manojs-MBP" ignored="0" name="Login Tests" tests="1" failures="0" timestamp="30 Nov 2022 14:06:32 GMT" time="0.043" errors="0">
  <testcase name="@BeforeMethod setUp" time="0.007" classname="com.appium.newtestcases.DashboardTestCases">
    <failure type="java.lang.NullPointerException">
      <![CDATA[java.lang.NullPointerException
at com.appium.base.TestBase.driverInitialization(TestBase.java:53)
at com.appium.newtestcases.DashboardTestCases.setUp(DashboardTestCases.java:30)
at java.util.concurrent.FutureTask.run(FutureTask.java:266)
at java.util.concurrent.ThreadPoolExecutor.runWorker(ThreadPoolExecutor.java:1149)
at java.util.concurrent.ThreadPoolExecutor$Worker.run(ThreadPoolExecutor.java:624)
at java.lang.Thread.run(Thread.java:748)
... Removed 19 stack frames]]>
    </failure>
  </testcase> <!-- @BeforeMethod setUp -->
  <testcase name="checkDashboard" time="0.0" classname="com.appium.newtestcases.DashboardTestCases">
    <skipped/>
  </testcase> <!-- checkDashboard -->
</testsuite> <!-- Login Tests -->
